<?xml version="1.0" encoding="UTF-8"?>
<testsuite xmlns:xsi="http://www.w3.org/2001/XMLSchema-instance" xsi:noNamespaceSchemaLocation="https://maven.apache.org/surefire/maven-surefire-plugin/xsd/surefire-test-report.xsd" name="BE.AC.UMONS.SurfaceTest" time="0.006" tests="2" errors="0" skipped="0" failures="0">
  <properties>
[...]
</properties>
  <testcase name="surfNotEquals" classname="BE.AC.UMONS.SurfaceTest" time="0.002"/>
  <testcase name="surf" classname="BE.AC.UMONS.SurfaceTest" time="0.001"/>
</testsuite>